
/home/runner/work/exp-forensic-investigation-email-au/exp-forensic-investigation-email-au/experiment/simulation/js/index-5U2Doufs.js
    9:1588    warning  Do not access Object.prototype method 'hasOwnProperty' from target object  no-prototype-builtins
    9:4656    warning  Do not access Object.prototype method 'hasOwnProperty' from target object  no-prototype-builtins
   17:376     warning  Do not access Object.prototype method 'hasOwnProperty' from target object  no-prototype-builtins
   25:922     warning  'setImmediate' is not defined                                              no-undef
   33:596     warning  Unexpected combined character in character class                           no-misleading-character-class
   33:3023    warning  Unnecessary escape character: \-                                           no-useless-escape
   33:4912    warning  Do not access Object.prototype method 'hasOwnProperty' from target object  no-prototype-builtins
   37:202     warning  Expected a conditional expression and instead saw an assignment            no-cond-assign
   37:1216    warning  Empty block statement                                                      no-empty
   37:2389    warning  Do not access Object.prototype method 'hasOwnProperty' from target object  no-prototype-builtins
   37:3869    warning  Do not access Object.prototype method 'hasOwnProperty' from target object  no-prototype-builtins
   37:3910    warning  Do not access Object.prototype method 'hasOwnProperty' from target object  no-prototype-builtins
   37:4077    warning  Do not access Object.prototype method 'hasOwnProperty' from target object  no-prototype-builtins
   37:4104    warning  Do not access Object.prototype method 'hasOwnProperty' from target object  no-prototype-builtins
   37:4695    warning  Do not access Object.prototype method 'hasOwnProperty' from target object  no-prototype-builtins
   37:6032    warning  'MSApp' is not defined                                                     no-undef
   37:6080    warning  'MSApp' is not defined                                                     no-undef
   37:7460    warning  Do not access Object.prototype method 'hasOwnProperty' from target object  no-prototype-builtins
   37:7553    warning  Do not access Object.prototype method 'hasOwnProperty' from target object  no-prototype-builtins
   37:8636    warning  Expected a conditional expression and instead saw an assignment            no-cond-assign
   37:9657    warning  Expected to return a value in method 'get'                                 getter-return
   37:9790    warning  'r' is defined but never used                                              no-unused-vars
   37:9792    warning  'o' is defined but never used                                              no-unused-vars
   37:9794    warning  'i' is defined but never used                                              no-unused-vars
   37:9796    warning  's' is defined but never used                                              no-unused-vars
   37:9798    warning  'l' is defined but never used                                              no-unused-vars
   37:9800    warning  'a' is defined but never used                                              no-unused-vars
   37:9973    warning  'e' is defined but never used                                              no-unused-vars
   37:9975    warning  't' is defined but never used                                              no-unused-vars
   37:9977    warning  'n' is defined but never used                                              no-unused-vars
   37:9979    warning  'r' is defined but never used                                              no-unused-vars
   37:9981    warning  'o' is defined but never used                                              no-unused-vars
   37:9983    warning  'i' is defined but never used                                              no-unused-vars
   37:9985    warning  's' is defined but never used                                              no-unused-vars
   37:9987    warning  'l' is defined but never used                                              no-unused-vars
   37:9989    warning  'a' is defined but never used                                              no-unused-vars
   37:10041   warning  'e' is defined but never used                                              no-unused-vars
   37:10043   warning  't' is defined but never used                                              no-unused-vars
   37:10045   warning  'n' is defined but never used                                              no-unused-vars
   37:10047   warning  'r' is defined but never used                                              no-unused-vars
   37:10049   warning  'o' is defined but never used                                              no-unused-vars
   37:10051   warning  'i' is defined but never used                                              no-unused-vars
   37:10053   warning  's' is defined but never used                                              no-unused-vars
   37:10055   warning  'l' is defined but never used                                              no-unused-vars
   37:10057   warning  'a' is defined but never used                                              no-unused-vars
   37:11890   warning  Empty block statement                                                      no-empty
   37:19777   warning  Do not access Object.prototype method 'hasOwnProperty' from target object  no-prototype-builtins
   37:20120   warning  Invalid typeof comparison value                                            valid-typeof
   37:20294   warning  Invalid typeof comparison value                                            valid-typeof
   37:22166   warning  Expected a conditional expression and instead saw an assignment            no-cond-assign
   37:27711   warning  Expected a conditional expression and instead saw an assignment            no-cond-assign
   37:29177   warning  Do not access Object.prototype method 'hasOwnProperty' from target object  no-prototype-builtins
   37:33278   warning  Expected a 'break' statement before 'case'                                 no-fallthrough
   37:33465   warning  Expected a 'break' statement before 'case'                                 no-fallthrough
   37:34582   warning  Expected a conditional expression and instead saw an assignment            no-cond-assign
   37:36027   warning  Expected a 'break' statement before 'case'                                 no-fallthrough
   37:37457   warning  Unexpected control character(s) in regular expression: \x00                no-control-regex
   38:1506    warning  Expected a conditional expression and instead saw an assignment            no-cond-assign
   38:1606    warning  Expected a conditional expression and instead saw an assignment            no-cond-assign
   38:14667   warning  Expected a 'break' statement before 'case'                                 no-fallthrough
   38:15124   warning  Unexpected constant condition                                              no-constant-condition
   38:15718   warning  Expected a conditional expression and instead saw an assignment            no-cond-assign
   38:22290   warning  Empty block statement                                                      no-empty
   38:22299   warning  Empty block statement                                                      no-empty
   38:25675   warning  Expected a conditional expression and instead saw an assignment            no-cond-assign
   38:26538   warning  Expected a conditional expression and instead saw an assignment            no-cond-assign
   40:3968    warning  Expected a conditional expression and instead saw an assignment            no-cond-assign
   40:5090    warning  Expected a conditional expression and instead saw an assignment            no-cond-assign
   40:12874   warning  Do not access Object.prototype method 'hasOwnProperty' from target object  no-prototype-builtins
   40:12895   warning  Do not access Object.prototype method 'hasOwnProperty' from target object  no-prototype-builtins
   40:12965   warning  Do not access Object.prototype method 'hasOwnProperty' from target object  no-prototype-builtins
   40:13147   warning  Do not access Object.prototype method 'hasOwnProperty' from target object  no-prototype-builtins
   40:13249   warning  Do not access Object.prototype method 'hasOwnProperty' from target object  no-prototype-builtins
   40:13329   warning  Do not access Object.prototype method 'hasOwnProperty' from target object  no-prototype-builtins
   40:13353   warning  Do not access Object.prototype method 'hasOwnProperty' from target object  no-prototype-builtins
   40:13405   warning  Do not access Object.prototype method 'hasOwnProperty' from target object  no-prototype-builtins
   40:13760   warning  Do not access Object.prototype method 'hasOwnProperty' from target object  no-prototype-builtins
   40:15957   warning  Do not access Object.prototype method 'hasOwnProperty' from target object  no-prototype-builtins
   40:16236   warning  Do not access Object.prototype method 'hasOwnProperty' from target object  no-prototype-builtins
   40:16683   warning  Unnecessary escape character: \/                                           no-useless-escape
   40:17565   warning  Do not access Object.prototype method 'hasOwnProperty' from target object  no-prototype-builtins
   40:17874   warning  Do not access Object.prototype method 'hasOwnProperty' from target object  no-prototype-builtins
   40:25897   warning  Empty block statement                                                      no-empty
   40:25932   warning  Expected a 'break' statement before 'case'                                 no-fallthrough
   40:30010   warning  Do not access Object.prototype method 'hasOwnProperty' from target object  no-prototype-builtins
   40:30990   warning  't' is defined but never used                                              no-unused-vars
   40:30992   warning  'n' is defined but never used                                              no-unused-vars
   40:31019   warning  't' is defined but never used                                              no-unused-vars
   40:31021   warning  'n' is defined but never used                                              no-unused-vars
   40:34722   warning  Unexpected constant condition                                              no-constant-condition
   40:39250   warning  Unexpected constant condition                                              no-constant-condition
   40:39542   warning  Unexpected constant condition                                              no-constant-condition
   40:42550   warning  Empty block statement                                                      no-empty
   40:52971   warning  Expected a conditional expression and instead saw an assignment            no-cond-assign
   40:54377   warning  'xy' is a function                                                         no-func-assign
   40:54383   warning  'by' is a function                                                         no-func-assign
   40:55301   warning  '__REACT_DEVTOOLS_GLOBAL_HOOK__' is not defined                            no-undef
   40:55400   warning  Empty block statement                                                      no-empty
   40:57433   warning  '__REACT_DEVTOOLS_GLOBAL_HOOK__' is not defined                            no-undef
   40:57490   warning  '__REACT_DEVTOOLS_GLOBAL_HOOK__' is not defined                            no-undef
   48:1459    warning  'd' is assigned a value but never used                                     no-unused-vars
   48:2143    warning  't' is defined but never used                                              no-unused-vars
   48:5512    warning  'S' is a function                                                          no-func-assign
   48:11263   warning  Empty block statement                                                      no-empty
   48:11767   warning  Expected a conditional expression and instead saw an assignment            no-cond-assign
   48:13780   warning  Expected a 'break' statement before 'case'                                 no-fallthrough
   48:14016   warning  Expected a 'break' statement before 'case'                                 no-fallthrough
   48:14072   warning  Expected a 'break' statement before 'case'                                 no-fallthrough
   48:14201   warning  Expected a 'break' statement before 'default'                              no-fallthrough
   48:14523   warning  Expected a 'break' statement before 'default'                              no-fallthrough
   48:15309   warning  Expected a 'break' statement before 'case'                                 no-fallthrough
   48:16002   warning  Expected a 'break' statement before 'default'                              no-fallthrough
   48:16028   warning  Expected a conditional expression and instead saw an assignment            no-cond-assign
   48:18096   warning  Expected a 'break' statement before 'case'                                 no-fallthrough
   48:18306   warning  Expected a 'break' statement before 'case'                                 no-fallthrough
   55:3241    warning  Expected a 'break' statement before 'case'                                 no-fallthrough
   55:3278    warning  Expected a 'break' statement before 'case'                                 no-fallthrough
   55:6611    warning  't' is a function                                                          no-func-assign
   55:16094   warning  'r' is defined but never used                                              no-unused-vars
   63:4615    warning  'e' is defined but never used                                              no-unused-vars
   63:4617    warning  't' is defined but never used                                              no-unused-vars
   63:4917    warning  'e' is defined but never used                                              no-unused-vars
   63:4919    warning  't' is defined but never used                                              no-unused-vars
   63:5216    warning  'e' is defined but never used                                              no-unused-vars
   63:5218    warning  't' is defined but never used                                              no-unused-vars
   63:5220    warning  'n' is defined but never used                                              no-unused-vars
   63:5222    warning  'r' is defined but never used                                              no-unused-vars
   63:5224    warning  'o' is defined but never used                                              no-unused-vars
   63:5280    warning  'n' is defined but never used                                              no-unused-vars
   63:5288    warning  'r' is assigned a value but never used                                     no-unused-vars
   63:6831    warning  Empty block statement                                                      no-empty
   63:10355   warning  'Hs' is a function                                                         no-func-assign
   63:12746   warning  't' is defined but never used                                              no-unused-vars
   63:13989   warning  'n' is defined but never used                                              no-unused-vars
   63:14239   warning  'n' is defined but never used                                              no-unused-vars
   63:14580   warning  'n' is defined but never used                                              no-unused-vars
   63:14687   warning  'n' is defined but never used                                              no-unused-vars
   63:16053   warning  Do not access Object.prototype method 'hasOwnProperty' from target object  no-prototype-builtins
   63:17299   warning  Do not access Object.prototype method 'hasOwnProperty' from target object  no-prototype-builtins
   63:22438   warning  'rx' is a function                                                         no-func-assign
   71:1964    warning  'xf' is a function                                                         no-func-assign
  144:10739   warning  'ux' is a function                                                         no-func-assign
  144:13001   warning  Do not access Object.prototype method 'hasOwnProperty' from target object  no-prototype-builtins
  144:17153   warning  Do not access Object.prototype method 'hasOwnProperty' from target object  no-prototype-builtins
  144:17177   warning  Do not access Object.prototype method 'hasOwnProperty' from target object  no-prototype-builtins
  144:17371   warning  'P' is assigned to itself                                                  no-self-assign
  145:6360    warning  'Se' is defined but never used                                             no-unused-vars
  172:7939    warning  Do not access Object.prototype method 'hasOwnProperty' from target object  no-prototype-builtins
  172:101039  warning  'n' is defined but never used                                              no-unused-vars
  173:6213    warning  'r' is defined but never used                                              no-unused-vars
  174:7884    warning  Empty block statement                                                      no-empty
  184:3332    warning  Do not access Object.prototype method 'hasOwnProperty' from target object  no-prototype-builtins
  185:5836    warning  'r' is assigned a value but never used                                     no-unused-vars
  185:6723    warning  Unnecessary try/catch wrapper                                              no-useless-catch
  185:10541   warning  'e' is defined but never used                                              no-unused-vars
  227:4994    warning  't' is defined but never used                                              no-unused-vars
  227:6769    warning  'n' is defined but never used                                              no-unused-vars
  227:13974   warning  'r' is assigned a value but never used                                     no-unused-vars
  227:13997   warning  'o' is assigned a value but never used                                     no-unused-vars
  227:14021   warning  'i' is assigned a value but never used                                     no-unused-vars
  235:12198   warning  'e' is defined but never used                                              no-unused-vars
  235:12252   warning  'e' is assigned a value but never used                                     no-unused-vars

/home/runner/work/exp-forensic-investigation-email-au/exp-forensic-investigation-email-au/experiment/simulation/js/index-BmlYdf9u.js
    9:1588    warning  Do not access Object.prototype method 'hasOwnProperty' from target object  no-prototype-builtins
    9:4656    warning  Do not access Object.prototype method 'hasOwnProperty' from target object  no-prototype-builtins
   17:376     warning  Do not access Object.prototype method 'hasOwnProperty' from target object  no-prototype-builtins
   25:922     warning  'setImmediate' is not defined                                              no-undef
   33:596     warning  Unexpected combined character in character class                           no-misleading-character-class
   33:3023    warning  Unnecessary escape character: \-                                           no-useless-escape
   33:4912    warning  Do not access Object.prototype method 'hasOwnProperty' from target object  no-prototype-builtins
   37:202     warning  Expected a conditional expression and instead saw an assignment            no-cond-assign
   37:1216    warning  Empty block statement                                                      no-empty
   37:2389    warning  Do not access Object.prototype method 'hasOwnProperty' from target object  no-prototype-builtins
   37:3869    warning  Do not access Object.prototype method 'hasOwnProperty' from target object  no-prototype-builtins
   37:3910    warning  Do not access Object.prototype method 'hasOwnProperty' from target object  no-prototype-builtins
   37:4077    warning  Do not access Object.prototype method 'hasOwnProperty' from target object  no-prototype-builtins
   37:4104    warning  Do not access Object.prototype method 'hasOwnProperty' from target object  no-prototype-builtins
   37:4695    warning  Do not access Object.prototype method 'hasOwnProperty' from target object  no-prototype-builtins
   37:6032    warning  'MSApp' is not defined                                                     no-undef
   37:6080    warning  'MSApp' is not defined                                                     no-undef
   37:7460    warning  Do not access Object.prototype method 'hasOwnProperty' from target object  no-prototype-builtins
   37:7553    warning  Do not access Object.prototype method 'hasOwnProperty' from target object  no-prototype-builtins
   37:8636    warning  Expected a conditional expression and instead saw an assignment            no-cond-assign
   37:9657    warning  Expected to return a value in method 'get'                                 getter-return
   37:9790    warning  'r' is defined but never used                                              no-unused-vars
   37:9792    warning  'o' is defined but never used                                              no-unused-vars
   37:9794    warning  'i' is defined but never used                                              no-unused-vars
   37:9796    warning  's' is defined but never used                                              no-unused-vars
   37:9798    warning  'l' is defined but never used                                              no-unused-vars
   37:9800    warning  'a' is defined but never used                                              no-unused-vars
   37:9973    warning  'e' is defined but never used                                              no-unused-vars
   37:9975    warning  't' is defined but never used                                              no-unused-vars
   37:9977    warning  'n' is defined but never used                                              no-unused-vars
   37:9979    warning  'r' is defined but never used                                              no-unused-vars
   37:9981    warning  'o' is defined but never used                                              no-unused-vars
   37:9983    warning  'i' is defined but never used                                              no-unused-vars
   37:9985    warning  's' is defined but never used                                              no-unused-vars
   37:9987    warning  'l' is defined but never used                                              no-unused-vars
   37:9989    warning  'a' is defined but never used                                              no-unused-vars
   37:10041   warning  'e' is defined but never used                                              no-unused-vars
   37:10043   warning  't' is defined but never used                                              no-unused-vars
   37:10045   warning  'n' is defined but never used                                              no-unused-vars
   37:10047   warning  'r' is defined but never used                                              no-unused-vars
   37:10049   warning  'o' is defined but never used                                              no-unused-vars
   37:10051   warning  'i' is defined but never used                                              no-unused-vars
   37:10053   warning  's' is defined but never used                                              no-unused-vars
   37:10055   warning  'l' is defined but never used                                              no-unused-vars
   37:10057   warning  'a' is defined but never used                                              no-unused-vars
   37:11890   warning  Empty block statement                                                      no-empty
   37:19777   warning  Do not access Object.prototype method 'hasOwnProperty' from target object  no-prototype-builtins
   37:20120   warning  Invalid typeof comparison value                                            valid-typeof
   37:20294   warning  Invalid typeof comparison value                                            valid-typeof
   37:22166   warning  Expected a conditional expression and instead saw an assignment            no-cond-assign
   37:27711   warning  Expected a conditional expression and instead saw an assignment            no-cond-assign
   37:29177   warning  Do not access Object.prototype method 'hasOwnProperty' from target object  no-prototype-builtins
   37:33278   warning  Expected a 'break' statement before 'case'                                 no-fallthrough
   37:33465   warning  Expected a 'break' statement before 'case'                                 no-fallthrough
   37:34582   warning  Expected a conditional expression and instead saw an assignment            no-cond-assign
   37:36027   warning  Expected a 'break' statement before 'case'                                 no-fallthrough
   37:37457   warning  Unexpected control character(s) in regular expression: \x00                no-control-regex
   38:1506    warning  Expected a conditional expression and instead saw an assignment            no-cond-assign
   38:1606    warning  Expected a conditional expression and instead saw an assignment            no-cond-assign
   38:14667   warning  Expected a 'break' statement before 'case'                                 no-fallthrough
   38:15124   warning  Unexpected constant condition                                              no-constant-condition
   38:15718   warning  Expected a conditional expression and instead saw an assignment            no-cond-assign
   38:22290   warning  Empty block statement                                                      no-empty
   38:22299   warning  Empty block statement                                                      no-empty
   38:25675   warning  Expected a conditional expression and instead saw an assignment            no-cond-assign
   38:26538   warning  Expected a conditional expression and instead saw an assignment            no-cond-assign
   40:3968    warning  Expected a conditional expression and instead saw an assignment            no-cond-assign
   40:5090    warning  Expected a conditional expression and instead saw an assignment            no-cond-assign
   40:12874   warning  Do not access Object.prototype method 'hasOwnProperty' from target object  no-prototype-builtins
   40:12895   warning  Do not access Object.prototype method 'hasOwnProperty' from target object  no-prototype-builtins
   40:12965   warning  Do not access Object.prototype method 'hasOwnProperty' from target object  no-prototype-builtins
   40:13147   warning  Do not access Object.prototype method 'hasOwnProperty' from target object  no-prototype-builtins
   40:13249   warning  Do not access Object.prototype method 'hasOwnProperty' from target object  no-prototype-builtins
   40:13329   warning  Do not access Object.prototype method 'hasOwnProperty' from target object  no-prototype-builtins
   40:13353   warning  Do not access Object.prototype method 'hasOwnProperty' from target object  no-prototype-builtins
   40:13405   warning  Do not access Object.prototype method 'hasOwnProperty' from target object  no-prototype-builtins
   40:13760   warning  Do not access Object.prototype method 'hasOwnProperty' from target object  no-prototype-builtins
   40:15957   warning  Do not access Object.prototype method 'hasOwnProperty' from target object  no-prototype-builtins
   40:16236   warning  Do not access Object.prototype method 'hasOwnProperty' from target object  no-prototype-builtins
   40:16683   warning  Unnecessary escape character: \/                                           no-useless-escape
   40:17565   warning  Do not access Object.prototype method 'hasOwnProperty' from target object  no-prototype-builtins
   40:17874   warning  Do not access Object.prototype method 'hasOwnProperty' from target object  no-prototype-builtins
   40:25897   warning  Empty block statement                                                      no-empty
   40:25932   warning  Expected a 'break' statement before 'case'                                 no-fallthrough
   40:30010   warning  Do not access Object.prototype method 'hasOwnProperty' from target object  no-prototype-builtins
   40:30990   warning  't' is defined but never used                                              no-unused-vars
   40:30992   warning  'n' is defined but never used                                              no-unused-vars
   40:31019   warning  't' is defined but never used                                              no-unused-vars
   40:31021   warning  'n' is defined but never used                                              no-unused-vars
   40:34722   warning  Unexpected constant condition                                              no-constant-condition
   40:39250   warning  Unexpected constant condition                                              no-constant-condition
   40:39542   warning  Unexpected constant condition                                              no-constant-condition
   40:42550   warning  Empty block statement                                                      no-empty
   40:52971   warning  Expected a conditional expression and instead saw an assignment            no-cond-assign
   40:54377   warning  'yy' is a function                                                         no-func-assign
   40:54383   warning  'xy' is a function                                                         no-func-assign
   40:55301   warning  '__REACT_DEVTOOLS_GLOBAL_HOOK__' is not defined                            no-undef
   40:55400   warning  Empty block statement                                                      no-empty
   40:57433   warning  '__REACT_DEVTOOLS_GLOBAL_HOOK__' is not defined                            no-undef
   40:57490   warning  '__REACT_DEVTOOLS_GLOBAL_HOOK__' is not defined                            no-undef
   48:1459    warning  'd' is assigned a value but never used                                     no-unused-vars
   48:2143    warning  't' is defined but never used                                              no-unused-vars
   48:5512    warning  'S' is a function                                                          no-func-assign
   48:11263   warning  Empty block statement                                                      no-empty
   48:11767   warning  Expected a conditional expression and instead saw an assignment            no-cond-assign
   48:13780   warning  Expected a 'break' statement before 'case'                                 no-fallthrough
   48:14016   warning  Expected a 'break' statement before 'case'                                 no-fallthrough
   48:14072   warning  Expected a 'break' statement before 'case'                                 no-fallthrough
   48:14201   warning  Expected a 'break' statement before 'default'                              no-fallthrough
   48:14523   warning  Expected a 'break' statement before 'default'                              no-fallthrough
   48:15309   warning  Expected a 'break' statement before 'case'                                 no-fallthrough
   48:16002   warning  Expected a 'break' statement before 'default'                              no-fallthrough
   48:16028   warning  Expected a conditional expression and instead saw an assignment            no-cond-assign
   48:18096   warning  Expected a 'break' statement before 'case'                                 no-fallthrough
   48:18306   warning  Expected a 'break' statement before 'case'                                 no-fallthrough
   55:3241    warning  Expected a 'break' statement before 'case'                                 no-fallthrough
   55:3278    warning  Expected a 'break' statement before 'case'                                 no-fallthrough
   55:6611    warning  't' is a function                                                          no-func-assign
   55:16094   warning  'r' is defined but never used                                              no-unused-vars
   63:3536    warning  'e' is defined but never used                                              no-unused-vars
   63:3538    warning  't' is defined but never used                                              no-unused-vars
   63:3838    warning  'e' is defined but never used                                              no-unused-vars
   63:3840    warning  't' is defined but never used                                              no-unused-vars
   63:4137    warning  'e' is defined but never used                                              no-unused-vars
   63:4139    warning  't' is defined but never used                                              no-unused-vars
   63:4141    warning  'n' is defined but never used                                              no-unused-vars
   63:4143    warning  'r' is defined but never used                                              no-unused-vars
   63:4145    warning  'o' is defined but never used                                              no-unused-vars
   63:4201    warning  'n' is defined but never used                                              no-unused-vars
   63:4209    warning  'r' is assigned a value but never used                                     no-unused-vars
   63:5752    warning  Empty block statement                                                      no-empty
   63:9276    warning  'Vs' is a function                                                         no-func-assign
   63:11667   warning  't' is defined but never used                                              no-unused-vars
   63:12910   warning  'n' is defined but never used                                              no-unused-vars
   63:13160   warning  'n' is defined but never used                                              no-unused-vars
   63:13501   warning  'n' is defined but never used                                              no-unused-vars
   63:13608   warning  'n' is defined but never used                                              no-unused-vars
   63:14974   warning  Do not access Object.prototype method 'hasOwnProperty' from target object  no-prototype-builtins
   63:16220   warning  Do not access Object.prototype method 'hasOwnProperty' from target object  no-prototype-builtins
   63:21359   warning  'ex' is a function                                                         no-func-assign
   71:1964    warning  'xf' is a function                                                         no-func-assign
  144:10739   warning  'sx' is a function                                                         no-func-assign
  144:13001   warning  Do not access Object.prototype method 'hasOwnProperty' from target object  no-prototype-builtins
  144:17153   warning  Do not access Object.prototype method 'hasOwnProperty' from target object  no-prototype-builtins
  144:17177   warning  Do not access Object.prototype method 'hasOwnProperty' from target object  no-prototype-builtins
  144:17371   warning  'P' is assigned to itself                                                  no-self-assign
  145:6360    warning  'Se' is defined but never used                                             no-unused-vars
  172:7939    warning  Do not access Object.prototype method 'hasOwnProperty' from target object  no-prototype-builtins
  172:101039  warning  'n' is defined but never used                                              no-unused-vars
  173:6213    warning  'r' is defined but never used                                              no-unused-vars
  174:7884    warning  Empty block statement                                                      no-empty
  184:3332    warning  Do not access Object.prototype method 'hasOwnProperty' from target object  no-prototype-builtins
  185:5836    warning  'r' is assigned a value but never used                                     no-unused-vars
  185:6723    warning  Unnecessary try/catch wrapper                                              no-useless-catch
  227:4953    warning  't' is defined but never used                                              no-unused-vars
  227:6728    warning  'n' is defined but never used                                              no-unused-vars
  227:13933   warning  'r' is assigned a value but never used                                     no-unused-vars
  227:13956   warning  'o' is assigned a value but never used                                     no-unused-vars
  227:13980   warning  'i' is assigned a value but never used                                     no-unused-vars
  235:12062   warning  'e' is defined but never used                                              no-unused-vars
  235:12116   warning  'e' is assigned a value but never used                                     no-unused-vars

✖ 323 problems (0 errors, 323 warnings)

